<?xml version="1.0" encoding="UTF-8"?>
<!-- Generated by org.testng.reporters.JUnitXMLReporter -->
<testsuite ignored="0" hostname="LAPTOP-IDB23VB0" failures="1" tests="1" name="Keydemand Tests" time="29.168" errors="0" timestamp="2022-10-09T19:57:14 IST">
  <testcase classname="testCases.TC_Notifications_001" name="Test_Notification" time="8.732">
    <failure type="java.lang.AssertionError">
      <![CDATA[java.lang.AssertionError
at org.junit.Assert.fail(Assert.java:86)
at org.junit.Assert.assertTrue(Assert.java:41)
at org.junit.Assert.assertTrue(Assert.java:52)
at testCases.TC_Notifications_001.Test_Notification(TC_Notifications_001.java:41)
at java.base/java.util.ArrayList.forEach(ArrayList.java:1511)
... Removed 27 stack frames]]>
    </failure>
  </testcase> <!-- Test_Notification -->
</testsuite> <!-- Keydemand Tests -->
